nohup: ignoring input
Server running on http://localhost:8010
[Tiles Route Logger] Attempting to serve: /tiles/7/112/50.png
[Tiles Route Logger] Attempting to serve: /tiles/7/112/49.png
[Tiles Route Logger] Attempting to serve: /tiles/7/111/50.png
[Tiles Route Logger] Attempting to serve: /tiles/7/113/50.png
[Tiles Route Logger] Attempting to serve: /tiles/7/112/51.png
[Tiles Route Logger] Attempting to serve: /tiles/7/111/49.png
[Tiles Route Logger] Attempting to serve: /tiles/7/113/49.png
[Tiles Route Logger] Attempting to serve: /tiles/7/111/51.png
[Tiles Route Logger] Attempting to serve: /tiles/7/113/51.png
[Tiles Route Logger] Attempting to serve: /tiles/7/112/48.png
[Tiles Route Logger] Attempting to serve: /tiles/7/110/50.png
[Tiles Route Logger] Attempting to serve: /tiles/7/114/50.png
[Tiles Route Logger] Attempting to serve: /tiles/7/112/52.png
[Tiles Route Logger] Attempting to serve: /tiles/7/111/48.png
[Tiles Route Logger] Attempting to serve: /tiles/7/113/48.png
[Tiles Route Logger] Attempting to serve: /tiles/7/110/49.png
[Tiles Route Logger] Attempting to serve: /tiles/7/114/49.png
[Tiles Route Logger] Attempting to serve: /tiles/7/110/51.png
[Tiles Route Logger] Attempting to serve: /tiles/7/114/51.png
[Tiles Route Logger] Attempting to serve: /tiles/7/111/52.png
[Tiles Route Logger] Attempting to serve: /tiles/7/113/52.png
[Tiles Route Logger] Attempting to serve: /tiles/7/110/48.png
[Tiles Route Logger] Attempting to serve: /tiles/7/114/48.png
[Tiles Route Logger] Attempting to serve: /tiles/7/112/47.png
[Tiles Route Logger] Attempting to serve: /tiles/7/114/52.png
[Tiles Route Logger] Attempting to serve: /tiles/7/110/52.png
[Tiles Route Logger] Attempting to serve: /tiles/7/112/53.png
[Tiles Route Logger] Attempting to serve: /tiles/7/111/47.png
[Tiles Route Logger] Attempting to serve: /tiles/7/110/47.png
[Tiles Route Logger] Attempting to serve: /tiles/7/113/47.png
[Tiles Route Logger] Attempting to serve: /tiles/7/111/53.png
[Tiles Route Logger] Attempting to serve: /tiles/7/113/53.png
[Tiles Route Logger] Attempting to serve: /tiles/7/114/47.png
[Tiles Route Logger] Attempting to serve: /tiles/7/110/53.png
[Tiles Route Logger] Attempting to serve: /tiles/7/114/53.png
[Tiles Route Logger] Attempting to serve: /tiles/7/112/50.png
[Tiles Route Logger] Attempting to serve: /tiles/7/112/49.png
[Tiles Route Logger] Attempting to serve: /tiles/7/111/50.png
[Tiles Route Logger] Attempting to serve: /tiles/7/113/50.png
[Tiles Route Logger] Attempting to serve: /tiles/7/112/51.png
[Tiles Route Logger] Attempting to serve: /tiles/7/111/49.png
[Tiles Route Logger] Attempting to serve: /tiles/7/113/49.png
[Tiles Route Logger] Attempting to serve: /tiles/7/111/51.png
[Tiles Route Logger] Attempting to serve: /tiles/7/113/51.png
[Tiles Route Logger] Attempting to serve: /tiles/7/112/48.png
[Tiles Route Logger] Attempting to serve: /tiles/7/110/50.png
[Tiles Route Logger] Attempting to serve: /tiles/7/114/50.png
[Tiles Route Logger] Attempting to serve: /tiles/7/112/52.png
[Tiles Route Logger] Attempting to serve: /tiles/7/111/48.png
[Tiles Route Logger] Attempting to serve: /tiles/7/113/48.png
[Tiles Route Logger] Attempting to serve: /tiles/7/110/49.png
[Tiles Route Logger] Attempting to serve: /tiles/7/114/49.png
[Tiles Route Logger] Attempting to serve: /tiles/7/110/51.png
[Tiles Route Logger] Attempting to serve: /tiles/7/114/51.png
[Tiles Route Logger] Attempting to serve: /tiles/7/111/52.png
[Tiles Route Logger] Attempting to serve: /tiles/7/113/52.png
[Tiles Route Logger] Attempting to serve: /tiles/7/110/48.png
[Tiles Route Logger] Attempting to serve: /tiles/7/114/48.png
[Tiles Route Logger] Attempting to serve: /tiles/7/110/52.png
[Tiles Route Logger] Attempting to serve: /tiles/7/114/52.png
[Tiles Route Logger] Attempting to serve: /tiles/7/112/47.png
[Tiles Route Logger] Attempting to serve: /tiles/7/112/53.png
[Tiles Route Logger] Attempting to serve: /tiles/7/111/47.png
[Tiles Route Logger] Attempting to serve: /tiles/7/113/47.png
[Tiles Route Logger] Attempting to serve: /tiles/7/111/53.png
[Tiles Route Logger] Attempting to serve: /tiles/7/113/53.png
[Tiles Route Logger] Attempting to serve: /tiles/7/110/47.png
[Tiles Route Logger] Attempting to serve: /tiles/7/114/47.png
[Tiles Route Logger] Attempting to serve: /tiles/7/110/53.png
[Tiles Route Logger] Attempting to serve: /tiles/7/114/53.png
[Tiles Route Logger] Attempting to serve: /tiles/7/112/50.png
[Tiles Route Logger] Attempting to serve: /tiles/7/112/49.png
[Tiles Route Logger] Attempting to serve: /tiles/7/111/50.png
[Tiles Route Logger] Attempting to serve: /tiles/7/113/50.png
[Tiles Route Logger] Attempting to serve: /tiles/7/112/51.png
[Tiles Route Logger] Attempting to serve: /tiles/7/111/49.png
[Tiles Route Logger] Attempting to serve: /tiles/7/113/49.png
[Tiles Route Logger] Attempting to serve: /tiles/7/111/51.png
[Tiles Route Logger] Attempting to serve: /tiles/7/113/51.png
[Tiles Route Logger] Attempting to serve: /tiles/7/112/48.png
[Tiles Route Logger] Attempting to serve: /tiles/7/110/50.png
[Tiles Route Logger] Attempting to serve: /tiles/7/114/50.png
[Tiles Route Logger] Attempting to serve: /tiles/7/112/52.png
[Tiles Route Logger] Attempting to serve: /tiles/7/111/48.png
[Tiles Route Logger] Attempting to serve: /tiles/7/113/48.png
[Tiles Route Logger] Attempting to serve: /tiles/7/110/49.png
[Tiles Route Logger] Attempting to serve: /tiles/7/114/49.png
[Tiles Route Logger] Attempting to serve: /tiles/7/110/51.png
[Tiles Route Logger] Attempting to serve: /tiles/7/114/51.png
[Tiles Route Logger] Attempting to serve: /tiles/7/111/52.png
[Tiles Route Logger] Attempting to serve: /tiles/7/113/52.png
[Tiles Route Logger] Attempting to serve: /tiles/7/110/48.png
[Tiles Route Logger] Attempting to serve: /tiles/7/114/48.png
[Tiles Route Logger] Attempting to serve: /tiles/7/110/52.png
[Tiles Route Logger] Attempting to serve: /tiles/7/114/52.png
[Tiles Route Logger] Attempting to serve: /tiles/7/112/47.png
[Tiles Route Logger] Attempting to serve: /tiles/7/112/53.png
[Tiles Route Logger] Attempting to serve: /tiles/7/111/47.png
[Tiles Route Logger] Attempting to serve: /tiles/7/113/47.png
[Tiles Route Logger] Attempting to serve: /tiles/7/111/53.png
[Tiles Route Logger] Attempting to serve: /tiles/7/113/53.png
[Tiles Route Logger] Attempting to serve: /tiles/7/110/47.png
[Tiles Route Logger] Attempting to serve: /tiles/7/114/47.png
[Tiles Route Logger] Attempting to serve: /tiles/7/110/53.png
[Tiles Route Logger] Attempting to serve: /tiles/7/114/53.png
[Tiles Route Logger] Attempting to serve: /tiles/9/452/201.png
[Tiles Route Logger] Attempting to serve: /tiles/9/452/202.png
[Tiles Route Logger] Attempting to serve: /tiles/9/451/201.png
[Tiles Route Logger] Attempting to serve: /tiles/9/453/201.png
[Tiles Route Logger] Attempting to serve: /tiles/9/451/202.png
[Tiles Route Logger] Attempting to serve: /tiles/9/453/202.png
[Tiles Route Logger] Attempting to serve: /tiles/9/452/200.png
[Tiles Route Logger] Attempting to serve: /tiles/9/452/203.png
[Tiles Route Logger] Attempting to serve: /tiles/9/451/200.png
[Tiles Route Logger] Attempting to serve: /tiles/9/453/200.png
[Tiles Route Logger] Attempting to serve: /tiles/9/451/203.png
[Tiles Route Logger] Attempting to serve: /tiles/9/453/203.png
[Tiles Route Logger] Attempting to serve: /tiles/9/450/201.png
[Tiles Route Logger] Attempting to serve: /tiles/9/454/201.png
[Tiles Route Logger] Attempting to serve: /tiles/9/450/202.png
[Tiles Route Logger] Attempting to serve: /tiles/9/454/202.png
[Tiles Route Logger] Attempting to serve: /tiles/9/452/199.png
[Tiles Route Logger] Attempting to serve: /tiles/9/450/200.png
[Tiles Route Logger] Attempting to serve: /tiles/9/454/200.png
[Tiles Route Logger] Attempting to serve: /tiles/9/450/203.png
[Tiles Route Logger] Attempting to serve: /tiles/9/454/203.png
[Tiles Route Logger] Attempting to serve: /tiles/9/453/199.png
[Tiles Route Logger] Attempting to serve: /tiles/9/452/204.png
[Tiles Route Logger] Attempting to serve: /tiles/9/451/199.png
[Tiles Route Logger] Attempting to serve: /tiles/9/451/204.png
[Tiles Route Logger] Attempting to serve: /tiles/9/453/204.png
[Tiles Route Logger] Attempting to serve: /tiles/9/454/199.png
[Tiles Route Logger] Attempting to serve: /tiles/9/450/199.png
[Tiles Route Logger] Attempting to serve: /tiles/9/450/204.png
[Tiles Route Logger] Attempting to serve: /tiles/9/454/204.png
[Tiles Route Logger] Attempting to serve: /tiles/10/907/403.png
[Tiles Route Logger] Attempting to serve: /tiles/10/907/404.png
[Tiles Route Logger] Attempting to serve: /tiles/10/906/403.png
[Tiles Route Logger] Attempting to serve: /tiles/10/908/403.png
[Tiles Route Logger] Attempting to serve: /tiles/10/906/404.png
[Tiles Route Logger] Attempting to serve: /tiles/10/908/404.png
[Tiles Route Logger] Attempting to serve: /tiles/10/907/402.png
[Tiles Route Logger] Attempting to serve: /tiles/10/907/405.png
[Tiles Route Logger] Attempting to serve: /tiles/10/906/402.png
[Tiles Route Logger] Attempting to serve: /tiles/10/908/402.png
[Tiles Route Logger] Attempting to serve: /tiles/10/906/405.png
[Tiles Route Logger] Attempting to serve: /tiles/10/908/405.png
[Tiles Route Logger] Attempting to serve: /tiles/10/905/403.png
[Tiles Route Logger] Attempting to serve: /tiles/10/909/403.png
[Tiles Route Logger] Attempting to serve: /tiles/10/905/404.png
[Tiles Route Logger] Attempting to serve: /tiles/10/909/404.png
[Tiles Route Logger] Attempting to serve: /tiles/10/907/401.png
[Tiles Route Logger] Attempting to serve: /tiles/10/905/402.png
[Tiles Route Logger] Attempting to serve: /tiles/10/909/402.png
[Tiles Route Logger] Attempting to serve: /tiles/10/905/405.png
[Tiles Route Logger] Attempting to serve: /tiles/10/909/405.png
[Tiles Route Logger] Attempting to serve: /tiles/10/907/406.png
[Tiles Route Logger] Attempting to serve: /tiles/10/906/401.png
[Tiles Route Logger] Attempting to serve: /tiles/10/908/401.png
[Tiles Route Logger] Attempting to serve: /tiles/10/906/406.png
[Tiles Route Logger] Attempting to serve: /tiles/10/908/406.png
[Tiles Route Logger] Attempting to serve: /tiles/10/905/401.png
[Tiles Route Logger] Attempting to serve: /tiles/10/909/401.png
[Tiles Route Logger] Attempting to serve: /tiles/10/905/406.png
[Tiles Route Logger] Attempting to serve: /tiles/10/909/406.png
[Tiles Route Logger] Attempting to serve: /tiles/10/907/400.png
[Tiles Route Logger] Attempting to serve: /tiles/10/906/400.png
[Tiles Route Logger] Attempting to serve: /tiles/10/908/400.png
[Tiles Route Logger] Attempting to serve: /tiles/10/905/400.png
[Tiles Route Logger] Attempting to serve: /tiles/10/909/400.png
[Tiles Route Logger] Attempting to serve: /tiles/10/910/402.png
[Tiles Route Logger] Attempting to serve: /tiles/10/910/403.png
[Tiles Route Logger] Attempting to serve: /tiles/10/910/401.png
[Tiles Route Logger] Attempting to serve: /tiles/10/910/404.png
[Tiles Route Logger] Attempting to serve: /tiles/10/910/400.png
[Tiles Route Logger] Attempting to serve: /tiles/10/910/405.png
[Tiles Route Logger] Attempting to serve: /tiles/11/1817/805.png
[Tiles Route Logger] Attempting to serve: /tiles/11/1817/806.png
[Tiles Route Logger] Attempting to serve: /tiles/11/1816/805.png
[Tiles Route Logger] Attempting to serve: /tiles/11/1818/805.png
[Tiles Route Logger] Attempting to serve: /tiles/11/1816/806.png
[Tiles Route Logger] Attempting to serve: /tiles/11/1818/806.png
[Tiles Route Logger] Attempting to serve: /tiles/11/1817/804.png
[Tiles Route Logger] Attempting to serve: /tiles/11/1817/807.png
[Tiles Route Logger] Attempting to serve: /tiles/11/1816/804.png
[Tiles Route Logger] Attempting to serve: /tiles/11/1818/804.png
[Tiles Route Logger] Attempting to serve: /tiles/11/1816/807.png
[Tiles Route Logger] Attempting to serve: /tiles/11/1818/807.png
[Tiles Route Logger] Attempting to serve: /tiles/11/1815/805.png
[Tiles Route Logger] Attempting to serve: /tiles/11/1819/805.png
[Tiles Route Logger] Attempting to serve: /tiles/11/1815/806.png
[Tiles Route Logger] Attempting to serve: /tiles/11/1819/806.png
[Tiles Route Logger] Attempting to serve: /tiles/11/1817/803.png
[Tiles Route Logger] Attempting to serve: /tiles/11/1815/804.png
[Tiles Route Logger] Attempting to serve: /tiles/11/1819/804.png
[Tiles Route Logger] Attempting to serve: /tiles/11/1815/807.png
[Tiles Route Logger] Attempting to serve: /tiles/11/1819/807.png
[Tiles Route Logger] Attempting to serve: /tiles/11/1817/808.png
[Tiles Route Logger] Attempting to serve: /tiles/11/1816/803.png
[Tiles Route Logger] Attempting to serve: /tiles/11/1818/803.png
[Tiles Route Logger] Attempting to serve: /tiles/11/1816/808.png
[Tiles Route Logger] Attempting to serve: /tiles/11/1818/808.png
[Tiles Route Logger] Attempting to serve: /tiles/11/1815/803.png
[Tiles Route Logger] Attempting to serve: /tiles/11/1819/803.png
[Tiles Route Logger] Attempting to serve: /tiles/11/1815/808.png
[Tiles Route Logger] Attempting to serve: /tiles/11/1819/808.png
(node:22939) [DEP0060] DeprecationWarning: The `util._extend` API is deprecated. Please use Object.assign() instead.
(Use `node --trace-deprecation ...` to show where the warning was created)
